app/build/outputs/logs/manifest-merger-debug-report.txt
-- Merging decision tree log ---
manifest
ADDED from src\main\AndroidManifest.xml:2:1-114:12
	package
		ADDED from src\main\AndroidManifest.xml:3:5-27
		INJECTED from src\main\AndroidManifest.xml
		INJECTED from src\main\AndroidManifest.xml
	android:versionName
		ADDED from src\main\AndroidManifest.xml:5:5-30
		INJECTED from src\main\AndroidManifest.xml
		INJECTED from src\main\AndroidManifest.xml
	android:versionCode
		ADDED from src\main\AndroidManifest.xml:4:5-28
		INJECTED from src\main\AndroidManifest.xml
		INJECTED from src\main\AndroidManifest.xml
	xmlns:android
		ADDED from src\main\AndroidManifest.xml:2:11-69
uses-feature#android.hardware.bluetooth_le
ADDED from src\main\AndroidManifest.xml:7:5-89
	android:required
		ADDED from src\main\AndroidManifest.xml:7:64-87
	android:name
		ADDED from src\main\AndroidManifest.xml:7:19-63
uses-permission#android.permission.BLUETOOTH
ADDED from src\main\AndroidManifest.xml:8:5-67
	android:name
		ADDED from src\main\AndroidManifest.xml:8:22-65
uses-permission#android.permission.BLUETOOTH_ADMIN
ADDED from src\main\AndroidManifest.xml:9:5-73
	android:name
		ADDED from src\main\AndroidManifest.xml:9:22-71
uses-permission#android.permission.WAKE_LOCK
ADDED from src\main\AndroidManifest.xml:12:5-67
	android:name
		ADDED from src\main\AndroidManifest.xml:12:22-65
uses-permission#android.permission.CHANGE_NETWORK_STATE
ADDED from src\main\AndroidManifest.xml:14:5-95
	android:name
		ADDED from src\main\AndroidManifest.xml:14:22-76
uses-permission#android.permission.ACCESS_NETWORK_STATE
ADDED from src\main\AndroidManifest.xml:15:5-95
	android:name
		ADDED from src\main\AndroidManifest.xml:15:22-76
uses-permission#android.permission.ACCESS_FINE_LOCATION
ADDED from src\main\AndroidManifest.xml:16:2-92
	android:name
		ADDED from src\main\AndroidManifest.xml:16:19-73
uses-permission#android.permission.ACCESS_COARSE_LOCATION
ADDED from src\main\AndroidManifest.xml:17:2-94
	android:name
		ADDED from src\main\AndroidManifest.xml:17:19-75
uses-permission#android.permission.ACCESS_MOCK_LOCATION
ADDED from src\main\AndroidManifest.xml:18:2-92
	android:name
		ADDED from src\main\AndroidManifest.xml:18:19-73
uses-permission#android.permission.INTERNET
ADDED from src\main\AndroidManifest.xml:19:2-80
	android:name
		ADDED from src\main\AndroidManifest.xml:19:19-61
uses-permission#android.permission.WRITE_EXTERNAL_STORAGE
ADDED from src\main\AndroidManifest.xml:20:2-94
	android:name
		ADDED from src\main\AndroidManifest.xml:20:19-75
uses-permission#android.permission.CHANGE_WIFI_STATE
ADDED from src\main\AndroidManifest.xml:21:2-89
	android:name
		ADDED from src\main\AndroidManifest.xml:21:19-70
uses-permission#android.permission.ACCESS_WIFI_STATE
ADDED from src\main\AndroidManifest.xml:22:2-89
	android:name
		ADDED from src\main\AndroidManifest.xml:22:19-70
uses-permission#android.permission.CHANGE_WIFI_MULTICAST_STATE
ADDED from src\main\AndroidManifest.xml:23:2-99
	android:name
		ADDED from src\main\AndroidManifest.xml:23:19-80
uses-permission#android.permission.WRITE_SETTINGS
ADDED from src\main\AndroidManifest.xml:24:2-86
	android:name
		ADDED from src\main\AndroidManifest.xml:24:19-67
uses-permission#android.permission.RECEIVE_BOOT_COMPLETED
ADDED from src\main\AndroidManifest.xml:25:2-94
	android:name
		ADDED from src\main\AndroidManifest.xml:25:19-75
uses-permission#android.permission.READ_EXTERNAL_STORAGE
ADDED from src\main\AndroidManifest.xml:29:3-77
	android:name
		ADDED from src\main\AndroidManifest.xml:29:20-75
uses-permission#android.permission.MOUNT_UNMOUNT_FILESYSTEMS
ADDED from src\main\AndroidManifest.xml:30:5-83
	android:name
		ADDED from src\main\AndroidManifest.xml:30:22-81
uses-permission#android.permission.RECEIVE_SMS
ADDED from src\main\AndroidManifest.xml:32:5-69
	android:name
		ADDED from src\main\AndroidManifest.xml:32:22-67
uses-permission#android.permission.SEND_SMS
ADDED from src\main\AndroidManifest.xml:33:5-66
	android:name
		ADDED from src\main\AndroidManifest.xml:33:22-64
uses-permission#android.permission.VIBRATE
ADDED from src\main\AndroidManifest.xml:35:5-82
	android:name
		ADDED from src\main\AndroidManifest.xml:35:22-63
supports-screens
ADDED from src\main\AndroidManifest.xml:37:2-42:33
	android:largeScreens
		ADDED from src\main\AndroidManifest.xml:38:6-33
	android:smallScreens
		ADDED from src\main\AndroidManifest.xml:40:6-33
	android:normalScreens
		ADDED from src\main\AndroidManifest.xml:39:6-34
	android:xlargeScreens
		ADDED from src\main\AndroidManifest.xml:37:20-48
	android:resizeable
		ADDED from src\main\AndroidManifest.xml:41:6-31
	android:anyDensity
		ADDED from src\main\AndroidManifest.xml:42:6-31
uses-sdk
ADDED from src\main\AndroidManifest.xml:44:5-46:41
MERGED from [com.android.support:support-v4:20.0.0] AndroidManifest.xml:16:5-42
	android:targetSdkVersion
		ADDED from src\main\AndroidManifest.xml:46:9-38
		INJECTED from src\main\AndroidManifest.xml
		INJECTED from src\main\AndroidManifest.xml
	android:minSdkVersion
		ADDED from src\main\AndroidManifest.xml:45:9-35
		INJECTED from src\main\AndroidManifest.xml
		INJECTED from src\main\AndroidManifest.xml
application
ADDED from src\main\AndroidManifest.xml:49:5-112:19
MERGED from [com.android.support:support-v4:20.0.0] AndroidManifest.xml:17:5-19
	android:label
		ADDED from src\main\AndroidManifest.xml:53:9-41
	android:hardwareAccelerated
		ADDED from src\main\AndroidManifest.xml:50:9-44
	android:allowBackup
		ADDED from src\main\AndroidManifest.xml:51:9-35
	android:icon
		ADDED from src\main\AndroidManifest.xml:52:9-39
	android:theme
		ADDED from src\main\AndroidManifest.xml:54:9-40
activity#com.blg.rtu3.SplashActivity
ADDED from src\main\AndroidManifest.xml:56:9-65:20
	android:screenOrientation
		ADDED from src\main\AndroidManifest.xml:60:13-49
	android:label
		ADDED from src\main\AndroidManifest.xml:58:13-45
	android:theme
		ADDED from src\main\AndroidManifest.xml:59:13-77
	android:name
		ADDED from src\main\AndroidManifest.xml:57:13-55
intent-filter#android.intent.action.MAIN+android.intent.category.LAUNCHER
ADDED from src\main\AndroidManifest.xml:61:13-64:29
action#android.intent.action.MAIN
ADDED from src\main\AndroidManifest.xml:62:17-69
	android:name
		ADDED from src\main\AndroidManifest.xml:62:25-66
category#android.intent.category.LAUNCHER
ADDED from src\main\AndroidManifest.xml:63:17-77
	android:name
		ADDED from src\main\AndroidManifest.xml:63:27-74
activity#com.blg.rtu3.LoginActivity
ADDED from src\main\AndroidManifest.xml:66:9-69:20
	android:theme
		ADDED from src\main\AndroidManifest.xml:68:13-60
	android:name
		ADDED from src\main\AndroidManifest.xml:67:13-41
activity#com.blg.rtu3.MainActivity
ADDED from src\main\AndroidManifest.xml:76:9-85:20
	android:screenOrientation
		ADDED from src\main\AndroidManifest.xml:80:13-49
	android:label
		ADDED from src\main\AndroidManifest.xml:78:13-45
	android:theme
		ADDED from src\main\AndroidManifest.xml:79:13-72
	android:name
		ADDED from src\main\AndroidManifest.xml:77:13-53
service#com.blg.rtu3.server.LocalServer
ADDED from src\main\AndroidManifest.xml:90:9-93:46
	android:enabled
		ADDED from src\main\AndroidManifest.xml:93:13-35
	android:exported
		ADDED from src\main\AndroidManifest.xml:92:13-37
	android:name
		ADDED from src\main\AndroidManifest.xml:91:13-59
receiver#com.blg.rtu3.sm.SmsReceiver
ADDED from src\main\AndroidManifest.xml:106:9-110:20
	android:enabled
		ADDED from src\main\AndroidManifest.xml:106:62-84
	android:name
		ADDED from src\main\AndroidManifest.xml:106:19-61
intent-filter#android.provider.Telephony.SMS_RECEIVED
ADDED from src\main\AndroidManifest.xml:107:11-109:27
	android:priority
		ADDED from src\main\AndroidManifest.xml:107:26-48
action#android.provider.Telephony.SMS_RECEIVED
ADDED from src\main\AndroidManifest.xml:108:15-79
	android:name
		ADDED from src\main\AndroidManifest.xml:108:23-77